<?xml version="1.0" encoding="UTF-8" standalone="no"?>
<!DOCTYPE report PUBLIC "-//JACOCO//DTD Report 1.1//EN" "report.dtd"[]>
<report name="Pester (02/06/2024 15:22:44)">
  <sessioninfo id="this" start="1707232964331" dump="1707232964403" />
  <package name="code-coverage">
    <class name="code-coverage/CoverageTest" sourcefilename="CoverageTest.ps1">
      <method name="FunctionOne" desc="()" line="3">
        <counter type="INSTRUCTION" missed="1" covered="2" />
        <counter type="LINE" missed="1" covered="2" />
        <counter type="METHOD" missed="0" covered="1" />
      </method>
      <method name="FunctionTwo" desc="()" line="15">
        <counter type="INSTRUCTION" missed="1" covered="1" />
        <counter type="LINE" missed="1" covered="1" />
        <counter type="METHOD" missed="0" covered="1" />
      </method>
      <counter type="INSTRUCTION" missed="2" covered="3" />
      <counter type="LINE" missed="2" covered="3" />
      <counter type="METHOD" missed="0" covered="2" />
      <counter type="CLASS" missed="0" covered="1" />
    </class>
    <sourcefile name="CoverageTest.ps1">
      <line nr="3" mi="0" ci="1" mb="0" cb="0" />
      <line nr="5" mi="1" ci="0" mb="0" cb="0" />
      <line nr="9" mi="0" ci="1" mb="0" cb="0" />
      <line nr="15" mi="0" ci="1" mb="0" cb="0" />
      <line nr="16" mi="1" ci="0" mb="0" cb="0" />
      <counter type="INSTRUCTION" missed="2" covered="3" />
      <counter type="LINE" missed="2" covered="3" />
      <counter type="METHOD" missed="0" covered="2" />
      <counter type="CLASS" missed="0" covered="1" />
    </sourcefile>
    <counter type="INSTRUCTION" missed="2" covered="3" />
    <counter type="LINE" missed="2" covered="3" />
    <counter type="METHOD" missed="0" covered="2" />
    <counter type="CLASS" missed="0" covered="1" />
  </package>
  <counter type="INSTRUCTION" missed="2" covered="3" />
  <counter type="LINE" missed="2" covered="3" />
  <counter type="METHOD" missed="0" covered="2" />
  <counter type="CLASS" missed="0" covered="1" />
</report>
